<?xml version="1.0" encoding="UTF-8"?>
<!-- Generated by org.testng.reporters.JUnitXMLReporter -->
<testsuite hostname="DESKTOP-MM4I4GD" failures="1" tests="7" name="AdminTabFunctionality" time="96.318" errors="0" timestamp="28 Dec 2022 11:28:18 GMT">
  <testcase classname="com.mycompany.testmavin.TestMavinIT" name="testLogin" time="11.379">
    <failure type="java.lang.AssertionError" message="expected [Paul Collings] but found [nino ranti]">
      <![CDATA[java.lang.AssertionError: expected [Paul Collings] but found [nino ranti]
	at com.mycompany.testmavin.TestMavinIT.testLogin(TestMavinIT.java:49)
... Removed 33 stack frames]]>
    </failure>
  </testcase> <!-- testLogin -->
  <testcase classname="com.mycompany.testmavin.TestMavinIT" name="testOpenDrawer" time="4.129"/>
  <testcase classname="com.mycompany.testmavin.TestMavinIT" name="testTabs" time="34.266"/>
  <testcase classname="com.mycompany.testmavin.TestMavinIT" name="testOneItemPimAdd" time="15.763"/>
  <testcase classname="com.mycompany.testmavin.TestMavinIT" name="testSelectEmployeeStatusAndSearch" time="9.97"/>
  <testcase classname="com.mycompany.testmavin.TestMavinIT" name="testDeleteItem" time="10.149"/>
  <testcase classname="com.mycompany.testmavin.TestMavinIT" name="testSignOut" time="5.457"/>
</testsuite> <!-- AdminTabFunctionality -->
