<?xml version="1.0" encoding="UTF-8"?>
<testng-results total="7" passed="6" failed="1" skipped="0">
  <reporter-output>
  </reporter-output>
  <suite started-at="2022-12-29T16:29:54Z" name="com.mycompany_TestMavin_jar_1.0-SNAPSHOT" finished-at="2022-12-29T16:31:20Z" duration-ms="86218">
    <groups>
    </groups>
    <test started-at="2022-12-29T16:29:54Z" name="AdminTabFunctionality" finished-at="2022-12-29T16:31:20Z" duration-ms="86218">
      <class name="com.mycompany.testmavin.TestMavinIT">
        <test-method is-config="true" signature="setUpClass()[pri:0, instance:com.mycompany.testmavin.TestMavinIT@5c153b9e]" started-at="2022-12-29T18:29:54Z" name="setUpClass" finished-at="2022-12-29T18:29:58Z" duration-ms="3580" status="PASS">
          <reporter-output>
          </reporter-output>
        </test-method> <!-- setUpClass -->
        <test-method signature="testLogin(java.lang.String, java.lang.String, java.lang.String, java.lang.String, java.lang.String, java.lang.String, java.lang.String, java.lang.String)[pri:0, instance:com.mycompany.testmavin.TestMavinIT@5c153b9e]" started-at="2022-12-29T18:29:58Z" name="testLogin" data-provider="testLogin" finished-at="2022-12-29T18:30:12Z" duration-ms="14245" status="PASS">
          <params>
            <param index="0">
              <value>
                <![CDATA[https://opensource-demo.orangehrmlive.com/web/index.php/auth/login]]>
              </value>
            </param>
            <param index="1">
              <value>
                <![CDATA[username]]>
              </value>
            </param>
            <param index="2">
              <value>
                <![CDATA[Admin]]>
              </value>
            </param>
            <param index="3">
              <value>
                <![CDATA[password]]>
              </value>
            </param>
            <param index="4">
              <value>
                <![CDATA[admin123]]>
              </value>
            </param>
            <param index="5">
              <value>
                <![CDATA[orangehrm-login-button]]>
              </value>
            </param>
            <param index="6">
              <value>
                <![CDATA[oxd-userdropdown-name]]>
              </value>
            </param>
            <param index="7">
              <value>
                <![CDATA[Mohammed lastName]]>
              </value>
            </param>
          </params>
          <reporter-output>
          </reporter-output>
        </test-method> <!-- testLogin -->
        <test-method signature="testOpenDrawer(java.lang.String)[pri:0, instance:com.mycompany.testmavin.TestMavinIT@5c153b9e]" started-at="2022-12-29T18:30:12Z" name="testOpenDrawer" data-provider="tesOpenDrawer" finished-at="2022-12-29T18:30:16Z" duration-ms="4094" status="PASS">
          <params>
            <param index="0">
              <value>
                <![CDATA[bi-chevron-left]]>
              </value>
            </param>
          </params>
          <reporter-output>
          </reporter-output>
        </test-method> <!-- testOpenDrawer -->
        <test-method signature="testTabs(java.lang.String, java.lang.String, java.lang.String, java.lang.String, java.lang.String, java.lang.String, java.lang.String, java.lang.String, java.lang.String, java.lang.String, java.lang.String, java.lang.String, java.lang.String, java.lang.String, java.lang.String, java.lang.String, java.lang.String, java.lang.String, java.lang.String, java.lang.String, java.lang.String, java.lang.String, java.lang.String, java.lang.String, java.lang.String, java.lang.String, java.lang.String, java.lang.String, java.lang.String)[pri:0, instance:com.mycompany.testmavin.TestMavinIT@5c153b9e]" started-at="2022-12-29T18:30:16Z" name="testTabs" data-provider="testTabs" finished-at="2022-12-29T18:30:54Z" duration-ms="37886" status="PASS">
          <params>
            <param index="0">
              <value>
                <![CDATA[.oxd-main-menu-item[href='/web/index.php/admin/viewAdminModule']]]>
              </value>
            </param>
            <param index="1">
              <value>
                <![CDATA[oxd-topbar-header-breadcrumb-level]]>
              </value>
            </param>
            <param index="2">
              <value>
                <![CDATA[User Management]]>
              </value>
            </param>
            <param index="3">
              <value>
                <![CDATA[.oxd-main-menu-item[href='/web/index.php/pim/viewPimModule']]]>
              </value>
            </param>
            <param index="4">
              <value>
                <![CDATA[oxd-topbar-header-breadcrumb-module]]>
              </value>
            </param>
            <param index="5">
              <value>
                <![CDATA[PIM]]>
              </value>
            </param>
            <param index="6">
              <value>
                <![CDATA[.oxd-main-menu-item[href='/web/index.php/leave/viewLeaveModule']]]>
              </value>
            </param>
            <param index="7">
              <value>
                <![CDATA[Leave]]>
              </value>
            </param>
            <param index="8">
              <value>
                <![CDATA[.oxd-main-menu-item[href='/web/index.php/time/viewTimeModule']]]>
              </value>
            </param>
            <param index="9">
              <value>
                <![CDATA[Time]]>
              </value>
            </param>
            <param index="10">
              <value>
                <![CDATA[.oxd-main-menu-item[href='/web/index.php/recruitment/viewRecruitmentModule']]]>
              </value>
            </param>
            <param index="11">
              <value>
                <![CDATA[Recruitment]]>
              </value>
            </param>
            <param index="12">
              <value>
                <![CDATA[.oxd-main-menu-item[href='/web/index.php/pim/viewMyDetails']]]>
              </value>
            </param>
            <param index="13">
              <value>
                <![CDATA[orangehrm-main-title]]>
              </value>
            </param>
            <param index="14">
              <value>
                <![CDATA[Personal Details]]>
              </value>
            </param>
            <param index="15">
              <value>
                <![CDATA[.oxd-main-menu-item[href='/web/index.php/performance/viewPerformanceModule']]]>
              </value>
            </param>
            <param index="16">
              <value>
                <![CDATA[Performance]]>
              </value>
            </param>
            <param index="17">
              <value>
                <![CDATA[.oxd-main-menu-item[href='/web/index.php/dashboard/index']]]>
              </value>
            </param>
            <param index="18">
              <value>
                <![CDATA[Dashboard]]>
              </value>
            </param>
            <param index="19">
              <value>
                <![CDATA[.oxd-main-menu-item[href='/web/index.php/directory/viewDirectory']]]>
              </value>
            </param>
            <param index="20">
              <value>
                <![CDATA[Directory]]>
              </value>
            </param>
            <param index="21">
              <value>
                <![CDATA[.oxd-main-menu-item[href='/web/index.php/maintenance/viewMaintenanceModule']]]>
              </value>
            </param>
            <param index="22">
              <value>
                <![CDATA[orangehrm-admin-access-title]]>
              </value>
            </param>
            <param index="23">
              <value>
                <![CDATA[Administrator Access]]>
              </value>
            </param>
            <param index="24">
              <value>
                <![CDATA[password]]>
              </value>
            </param>
            <param index="25">
              <value>
                <![CDATA[admin123]]>
              </value>
            </param>
            <param index="26">
              <value>
                <![CDATA[orangehrm-admin-access-button]]>
              </value>
            </param>
            <param index="27">
              <value>
                <![CDATA[.oxd-main-menu-item[href='/web/index.php/buzz/viewBuzz']]]>
              </value>
            </param>
            <param index="28">
              <value>
                <![CDATA[Buzz]]>
              </value>
            </param>
          </params>
          <reporter-output>
          </reporter-output>
        </test-method> <!-- testTabs -->
        <test-method signature="testSelectEmployeeStatusAndSearch(java.lang.String, java.lang.String, java.lang.String)[pri:0, instance:com.mycompany.testmavin.TestMavinIT@5c153b9e]" started-at="2022-12-29T18:30:54Z" name="testSelectEmployeeStatusAndSearch" data-provider="testSelectEmployeeStatusAndSearch" finished-at="2022-12-29T18:31:04Z" duration-ms="9879" status="PASS">
          <params>
            <param index="0">
              <value>
                <![CDATA[#app > div.oxd-layout > div.oxd-layout-navigation > aside > nav > div.oxd-sidepanel-body > ul > li:nth-child(2) > a]]>
              </value>
            </param>
            <param index="1">
              <value>
                <![CDATA[//*[@id="app"]/div[1]/div[2]/div[2]/div/div[1]/div[2]/form/div[1]/div/div[3]/div/div[2]/div/div/div[1]]]>
              </value>
            </param>
            <param index="2">
              <value>
                <![CDATA[#app > div.oxd-layout > div.oxd-layout-container > div.oxd-layout-context > div > div.oxd-table-filter > div.oxd-table-filter-area > form > div.oxd-form-actions > button.oxd-button.oxd-button--medium.oxd-button--secondary.orangehrm-left-space]]>
              </value>
            </param>
          </params>
          <reporter-output>
          </reporter-output>
        </test-method> <!-- testSelectEmployeeStatusAndSearch -->
        <test-method signature="testOneItemPimAdd(java.lang.String, java.lang.String, java.lang.String, java.lang.String, java.lang.String, java.lang.String, java.lang.String, java.lang.String, java.lang.String, java.lang.String, java.lang.String, java.lang.String, java.lang.String, java.lang.String, java.lang.String, java.lang.String, java.lang.String, java.lang.String, java.lang.String)[pri:0, instance:com.mycompany.testmavin.TestMavinIT@5c153b9e]" started-at="2022-12-29T18:30:54Z" name="testOneItemPimAdd" data-provider="testOneItemPim" finished-at="2022-12-29T18:30:54Z" duration-ms="0" status="FAIL">
          <exception class="org.testng.TestNGException">
            <message>
              <![CDATA[
The data provider is trying to pass 17 parameters but the method com.mycompany.testmavin.TestMavinIT#testOneItemPimAdd takes 19 and TestNG is unable in inject a suitable object]]>
            </message>
            <full-stacktrace>
              <![CDATA[org.testng.TestNGException: 
The data provider is trying to pass 17 parameters but the method com.mycompany.testmavin.TestMavinIT#testOneItemPimAdd takes 19 and TestNG is unable in inject a suitable object
	at org.testng.internal.Invoker.injectParameters(Invoker.java:1361)
	at org.testng.internal.Invoker.invokeTestMethods(Invoker.java:1225)
	at org.testng.internal.TestMethodWorker.invokeTestMethods(TestMethodWorker.java:127)
	at org.testng.internal.TestMethodWorker.run(TestMethodWorker.java:111)
	at org.testng.TestRunner.privateRun(TestRunner.java:767)
	at org.testng.TestRunner.run(TestRunner.java:617)
	at org.testng.SuiteRunner.runTest(SuiteRunner.java:334)
	at org.testng.SuiteRunner.runSequentially(SuiteRunner.java:329)
	at org.testng.SuiteRunner.privateRun(SuiteRunner.java:291)
	at org.testng.SuiteRunner.run(SuiteRunner.java:240)
	at org.testng.SuiteRunnerWorker.runSuite(SuiteRunnerWorker.java:52)
	at org.testng.SuiteRunnerWorker.run(SuiteRunnerWorker.java:86)
	at org.testng.TestNG.runSuitesSequentially(TestNG.java:1224)
	at org.testng.TestNG.runSuitesLocally(TestNG.java:1149)
	at org.testng.TestNG.run(TestNG.java:1057)
	at org.apache.maven.surefire.testng.TestNGExecutor.run(TestNGExecutor.java:283)
	at org.apache.maven.surefire.testng.TestNGXmlTestSuite.execute(TestNGXmlTestSuite.java:75)
	at org.apache.maven.surefire.testng.TestNGProvider.invoke(TestNGProvider.java:120)
	at org.apache.maven.surefire.booter.ForkedBooter.invokeProviderInSameClassLoader(ForkedBooter.java:384)
	at org.apache.maven.surefire.booter.ForkedBooter.runSuitesInProcess(ForkedBooter.java:345)
	at org.apache.maven.surefire.booter.ForkedBooter.execute(ForkedBooter.java:126)
	at org.apache.maven.surefire.booter.ForkedBooter.main(ForkedBooter.java:418)
Caused by: java.lang.ArrayIndexOutOfBoundsException: Index 17 out of bounds for length 17
	at org.testng.internal.Invoker.injectParameters(Invoker.java:1359)
	... 21 more
]]>
            </full-stacktrace>
          </exception> <!-- org.testng.TestNGException -->
          <reporter-output>
          </reporter-output>
        </test-method> <!-- testOneItemPimAdd -->
        <test-method signature="testDeleteItem(java.lang.String, java.lang.String)[pri:0, instance:com.mycompany.testmavin.TestMavinIT@5c153b9e]" started-at="2022-12-29T18:31:04Z" name="testDeleteItem" data-provider="deleteItem" finished-at="2022-12-29T18:31:14Z" duration-ms="10129" status="PASS">
          <params>
            <param index="0">
              <value>
                <![CDATA[#app > div.oxd-layout > div.oxd-layout-container > div.oxd-layout-context > div > div.orangehrm-paper-container > div.orangehrm-container > div > div.oxd-table-body > div:nth-child(1) > div > div:nth-child(9) > div > button:nth-child(1)]]>
              </value>
            </param>
            <param index="1">
              <value>
                <![CDATA[#app > div.oxd-overlay.oxd-overlay--flex.oxd-overlay--flex-centered > div > div > div > div.orangehrm-modal-footer > button.oxd-button.oxd-button--medium.oxd-button--label-danger.orangehrm-button-margin]]>
              </value>
            </param>
          </params>
          <reporter-output>
          </reporter-output>
        </test-method> <!-- testDeleteItem -->
        <test-method signature="testSignOut(java.lang.String, java.lang.String)[pri:0, instance:com.mycompany.testmavin.TestMavinIT@5c153b9e]" started-at="2022-12-29T18:31:14Z" name="testSignOut" data-provider="testSignOut" finished-at="2022-12-29T18:31:18Z" duration-ms="3715" status="PASS">
          <params>
            <param index="0">
              <value>
                <![CDATA[oxd-userdropdown-tab]]>
              </value>
            </param>
            <param index="1">
              <value>
                <![CDATA[//ul[@role='menu']/li[4]]]>
              </value>
            </param>
          </params>
          <reporter-output>
          </reporter-output>
        </test-method> <!-- testSignOut -->
        <test-method is-config="true" signature="tearDownClass()[pri:0, instance:com.mycompany.testmavin.TestMavinIT@5c153b9e]" started-at="2022-12-29T18:31:18Z" name="tearDownClass" finished-at="2022-12-29T18:31:20Z" duration-ms="2617" status="PASS">
          <reporter-output>
          </reporter-output>
        </test-method> <!-- tearDownClass -->
      </class> <!-- com.mycompany.testmavin.TestMavinIT -->
    </test> <!-- AdminTabFunctionality -->
  </suite> <!-- com.mycompany_TestMavin_jar_1.0-SNAPSHOT -->
</testng-results>
