<?xml version="1.0" encoding="UTF-8"?>
<testsuite xmlns:xsi="http://www.w3.org/2001/XMLSchema-instance" xsi:noNamespaceSchemaLocation="https://maven.apache.org/surefire/maven-surefire-plugin/xsd/surefire-test-report.xsd" name="TestSuite" time="86.884" tests="7" errors="0" skipped="0" failures="1">
  <properties>
[...]
</properties>
  <testcase name="testLogin" classname="com.mycompany.testmavin.TestMavinIT" time="14.243"/>
  <testcase name="testOpenDrawer" classname="com.mycompany.testmavin.TestMavinIT" time="4.094"/>
  <testcase name="testTabs" classname="com.mycompany.testmavin.TestMavinIT" time="37.902"/>
  <testcase name="testOneItemPimAdd" classname="com.mycompany.testmavin.TestMavinIT" time="37.902">
    <failure message="&#10;The data provider is trying to pass 17 parameters but the method com.mycompany.testmavin.TestMavinIT#testOneItemPimAdd takes 19 and TestNG is unable in inject a suitable object" type="org.testng.TestNGException">org.testng.TestNGException: 

The data provider is trying to pass 17 parameters but the method com.mycompany.testmavin.TestMavinIT#testOneItemPimAdd takes 19 and TestNG is unable in inject a suitable object
Caused by: java.lang.ArrayIndexOutOfBoundsException: Index 17 out of bounds for length 17
</failure>
  </testcase>
  <testcase name="testSelectEmployeeStatusAndSearch" classname="com.mycompany.testmavin.TestMavinIT" time="9.879"/>
  <testcase name="testDeleteItem" classname="com.mycompany.testmavin.TestMavinIT" time="10.129"/>
  <testcase name="testSignOut" classname="com.mycompany.testmavin.TestMavinIT" time="3.715"/>
</testsuite>