<?xml version="1.0" encoding="UTF-8"?>
<testng-results total="7" passed="6" failed="1" skipped="0">
  <reporter-output>
  </reporter-output>
  <suite started-at="2022-12-28T11:26:42Z" name="com.mycompany_TestMavin_jar_1.0-SNAPSHOT" finished-at="2022-12-28T11:28:18Z" duration-ms="96318">
    <groups>
    </groups>
    <test started-at="2022-12-28T11:26:42Z" name="AdminTabFunctionality" finished-at="2022-12-28T11:28:18Z" duration-ms="96318">
      <class name="com.mycompany.testmavin.TestMavinIT">
        <test-method is-config="true" signature="setUpClass()[pri:0, instance:com.mycompany.testmavin.TestMavinIT@5c153b9e]" started-at="2022-12-28T13:26:42Z" name="setUpClass" finished-at="2022-12-28T13:26:44Z" duration-ms="2400" status="PASS">
          <reporter-output>
          </reporter-output>
        </test-method> <!-- setUpClass -->
        <test-method signature="testLogin(java.lang.String, java.lang.String, java.lang.String, java.lang.String, java.lang.String, java.lang.String, java.lang.String, java.lang.String)[pri:0, instance:com.mycompany.testmavin.TestMavinIT@5c153b9e]" started-at="2022-12-28T13:26:44Z" name="testLogin" data-provider="testLogin" finished-at="2022-12-28T13:26:55Z" duration-ms="11379" status="FAIL">
          <params>
            <param index="0">
              <value>
                <![CDATA[https://opensource-demo.orangehrmlive.com/web/index.php/auth/login]]>
              </value>
            </param>
            <param index="1">
              <value>
                <![CDATA[username]]>
              </value>
            </param>
            <param index="2">
              <value>
                <![CDATA[Admin]]>
              </value>
            </param>
            <param index="3">
              <value>
                <![CDATA[password]]>
              </value>
            </param>
            <param index="4">
              <value>
                <![CDATA[admin123]]>
              </value>
            </param>
            <param index="5">
              <value>
                <![CDATA[orangehrm-login-button]]>
              </value>
            </param>
            <param index="6">
              <value>
                <![CDATA[oxd-userdropdown-name]]>
              </value>
            </param>
            <param index="7">
              <value>
                <![CDATA[Paul Collings]]>
              </value>
            </param>
          </params>
          <exception class="java.lang.AssertionError">
            <message>
              <![CDATA[expected [Paul Collings] but found [nino ranti]]]>
            </message>
            <full-stacktrace>
              <![CDATA[java.lang.AssertionError: expected [Paul Collings] but found [nino ranti]
	at org.testng.Assert.fail(Assert.java:94)
	at org.testng.Assert.failNotEquals(Assert.java:494)
	at org.testng.Assert.assertEquals(Assert.java:123)
	at org.testng.Assert.assertEquals(Assert.java:176)
	at org.testng.Assert.assertEquals(Assert.java:186)
	at com.mycompany.testmavin.TestMavinIT.testLogin(TestMavinIT.java:49)
	at java.base/jdk.internal.reflect.NativeMethodAccessorImpl.invoke0(Native Method)
	at java.base/jdk.internal.reflect.NativeMethodAccessorImpl.invoke(NativeMethodAccessorImpl.java:78)
	at java.base/jdk.internal.reflect.DelegatingMethodAccessorImpl.invoke(DelegatingMethodAccessorImpl.java:43)
	at java.base/java.lang.reflect.Method.invoke(Method.java:567)
	at org.testng.internal.MethodInvocationHelper.invokeMethod(MethodInvocationHelper.java:84)
	at org.testng.internal.Invoker.invokeMethod(Invoker.java:714)
	at org.testng.internal.Invoker.invokeTestMethod(Invoker.java:901)
	at org.testng.internal.Invoker.invokeTestMethods(Invoker.java:1231)
	at org.testng.internal.TestMethodWorker.invokeTestMethods(TestMethodWorker.java:127)
	at org.testng.internal.TestMethodWorker.run(TestMethodWorker.java:111)
	at org.testng.TestRunner.privateRun(TestRunner.java:767)
	at org.testng.TestRunner.run(TestRunner.java:617)
	at org.testng.SuiteRunner.runTest(SuiteRunner.java:334)
	at org.testng.SuiteRunner.runSequentially(SuiteRunner.java:329)
	at org.testng.SuiteRunner.privateRun(SuiteRunner.java:291)
	at org.testng.SuiteRunner.run(SuiteRunner.java:240)
	at org.testng.SuiteRunnerWorker.runSuite(SuiteRunnerWorker.java:52)
	at org.testng.SuiteRunnerWorker.run(SuiteRunnerWorker.java:86)
	at org.testng.TestNG.runSuitesSequentially(TestNG.java:1224)
	at org.testng.TestNG.runSuitesLocally(TestNG.java:1149)
	at org.testng.TestNG.run(TestNG.java:1057)
	at org.apache.maven.surefire.testng.TestNGExecutor.run(TestNGExecutor.java:283)
	at org.apache.maven.surefire.testng.TestNGXmlTestSuite.execute(TestNGXmlTestSuite.java:75)
	at org.apache.maven.surefire.testng.TestNGProvider.invoke(TestNGProvider.java:120)
	at org.apache.maven.surefire.booter.ForkedBooter.invokeProviderInSameClassLoader(ForkedBooter.java:384)
	at org.apache.maven.surefire.booter.ForkedBooter.runSuitesInProcess(ForkedBooter.java:345)
	at org.apache.maven.surefire.booter.ForkedBooter.execute(ForkedBooter.java:126)
	at org.apache.maven.surefire.booter.ForkedBooter.main(ForkedBooter.java:418)
]]>
            </full-stacktrace>
          </exception> <!-- java.lang.AssertionError -->
          <reporter-output>
          </reporter-output>
        </test-method> <!-- testLogin -->
        <test-method signature="testOpenDrawer(java.lang.String)[pri:0, instance:com.mycompany.testmavin.TestMavinIT@5c153b9e]" started-at="2022-12-28T13:26:55Z" name="testOpenDrawer" data-provider="tesOpenDrawer" finished-at="2022-12-28T13:27:00Z" duration-ms="4129" status="PASS">
          <params>
            <param index="0">
              <value>
                <![CDATA[bi-chevron-left]]>
              </value>
            </param>
          </params>
          <reporter-output>
          </reporter-output>
        </test-method> <!-- testOpenDrawer -->
        <test-method signature="testTabs(java.lang.String, java.lang.String, java.lang.String, java.lang.String, java.lang.String, java.lang.String, java.lang.String, java.lang.String, java.lang.String, java.lang.String, java.lang.String, java.lang.String, java.lang.String, java.lang.String, java.lang.String, java.lang.String, java.lang.String, java.lang.String, java.lang.String, java.lang.String, java.lang.String, java.lang.String, java.lang.String, java.lang.String, java.lang.String, java.lang.String, java.lang.String, java.lang.String, java.lang.String)[pri:0, instance:com.mycompany.testmavin.TestMavinIT@5c153b9e]" started-at="2022-12-28T13:27:00Z" name="testTabs" data-provider="testTabs" finished-at="2022-12-28T13:27:34Z" duration-ms="34266" status="PASS">
          <params>
            <param index="0">
              <value>
                <![CDATA[.oxd-main-menu-item[href='/web/index.php/admin/viewAdminModule']]]>
              </value>
            </param>
            <param index="1">
              <value>
                <![CDATA[oxd-topbar-header-breadcrumb-level]]>
              </value>
            </param>
            <param index="2">
              <value>
                <![CDATA[User Management]]>
              </value>
            </param>
            <param index="3">
              <value>
                <![CDATA[.oxd-main-menu-item[href='/web/index.php/pim/viewPimModule']]]>
              </value>
            </param>
            <param index="4">
              <value>
                <![CDATA[oxd-topbar-header-breadcrumb-module]]>
              </value>
            </param>
            <param index="5">
              <value>
                <![CDATA[PIM]]>
              </value>
            </param>
            <param index="6">
              <value>
                <![CDATA[.oxd-main-menu-item[href='/web/index.php/leave/viewLeaveModule']]]>
              </value>
            </param>
            <param index="7">
              <value>
                <![CDATA[Leave]]>
              </value>
            </param>
            <param index="8">
              <value>
                <![CDATA[.oxd-main-menu-item[href='/web/index.php/time/viewTimeModule']]]>
              </value>
            </param>
            <param index="9">
              <value>
                <![CDATA[Time]]>
              </value>
            </param>
            <param index="10">
              <value>
                <![CDATA[.oxd-main-menu-item[href='/web/index.php/recruitment/viewRecruitmentModule']]]>
              </value>
            </param>
            <param index="11">
              <value>
                <![CDATA[Recruitment]]>
              </value>
            </param>
            <param index="12">
              <value>
                <![CDATA[.oxd-main-menu-item[href='/web/index.php/pim/viewMyDetails']]]>
              </value>
            </param>
            <param index="13">
              <value>
                <![CDATA[orangehrm-main-title]]>
              </value>
            </param>
            <param index="14">
              <value>
                <![CDATA[Personal Details]]>
              </value>
            </param>
            <param index="15">
              <value>
                <![CDATA[.oxd-main-menu-item[href='/web/index.php/performance/viewPerformanceModule']]]>
              </value>
            </param>
            <param index="16">
              <value>
                <![CDATA[Performance]]>
              </value>
            </param>
            <param index="17">
              <value>
                <![CDATA[.oxd-main-menu-item[href='/web/index.php/dashboard/index']]]>
              </value>
            </param>
            <param index="18">
              <value>
                <![CDATA[Dashboard]]>
              </value>
            </param>
            <param index="19">
              <value>
                <![CDATA[.oxd-main-menu-item[href='/web/index.php/directory/viewDirectory']]]>
              </value>
            </param>
            <param index="20">
              <value>
                <![CDATA[Directory]]>
              </value>
            </param>
            <param index="21">
              <value>
                <![CDATA[.oxd-main-menu-item[href='/web/index.php/maintenance/viewMaintenanceModule']]]>
              </value>
            </param>
            <param index="22">
              <value>
                <![CDATA[orangehrm-admin-access-title]]>
              </value>
            </param>
            <param index="23">
              <value>
                <![CDATA[Administrator Access]]>
              </value>
            </param>
            <param index="24">
              <value>
                <![CDATA[password]]>
              </value>
            </param>
            <param index="25">
              <value>
                <![CDATA[admin123]]>
              </value>
            </param>
            <param index="26">
              <value>
                <![CDATA[orangehrm-admin-access-button]]>
              </value>
            </param>
            <param index="27">
              <value>
                <![CDATA[.oxd-main-menu-item[href='/web/index.php/buzz/viewBuzz']]]>
              </value>
            </param>
            <param index="28">
              <value>
                <![CDATA[Buzz]]>
              </value>
            </param>
          </params>
          <reporter-output>
          </reporter-output>
        </test-method> <!-- testTabs -->
        <test-method signature="testOneItemPimAdd(java.lang.String, java.lang.String, java.lang.String, java.lang.String, java.lang.String, java.lang.String, java.lang.String, java.lang.String, java.lang.String, java.lang.String, java.lang.String, java.lang.String, java.lang.String, java.lang.String, java.lang.String, java.lang.String, java.lang.String, java.lang.String, java.lang.String)[pri:0, instance:com.mycompany.testmavin.TestMavinIT@5c153b9e]" started-at="2022-12-28T13:27:34Z" name="testOneItemPimAdd" data-provider="testOneItemPim" finished-at="2022-12-28T13:27:50Z" duration-ms="15763" status="PASS">
          <params>
            <param index="0">
              <value>
                <![CDATA[#app > div.oxd-layout > div.oxd-layout-navigation > aside > nav > div.oxd-sidepanel-body > ul > li:nth-child(2) > a]]>
              </value>
            </param>
            <param index="1">
              <value>
                <![CDATA[#app > div.oxd-layout > div.oxd-layout-container > div.oxd-layout-context > div > div.orangehrm-paper-container > div.orangehrm-header-container > button]]>
              </value>
            </param>
            <param index="2">
              <value>
                <![CDATA[#app > div.oxd-layout > div.oxd-layout-container > div.oxd-layout-context > div > div > form > div.orangehrm-employee-container > div.orangehrm-employee-form > div:nth-child(1) > div.oxd-grid-1.orangehrm-full-width-grid > div > div > div.--name-grouped-field > div:nth-child(1) > div:nth-child(2) > input]]>
              </value>
            </param>
            <param index="3">
              <value>
                <![CDATA[abdelrhman]]>
              </value>
            </param>
            <param index="4">
              <value>
                <![CDATA[#app > div.oxd-layout > div.oxd-layout-container > div.oxd-layout-context > div > div > form > div.orangehrm-employee-container > div.orangehrm-employee-form > div:nth-child(1) > div.oxd-grid-1.orangehrm-full-width-grid > div > div > div.--name-grouped-field > div:nth-child(2) > div:nth-child(2) > input]]>
              </value>
            </param>
            <param index="5">
              <value>
                <![CDATA[aboMesalam]]>
              </value>
            </param>
            <param index="6">
              <value>
                <![CDATA[#app > div.oxd-layout > div.oxd-layout-container > div.oxd-layout-context > div > div > form > div.orangehrm-employee-container > div.orangehrm-employee-form > div:nth-child(1) > div.oxd-grid-1.orangehrm-full-width-grid > div > div > div.--name-grouped-field > div:nth-child(3) > div:nth-child(2) > input]]>
              </value>
            </param>
            <param index="7">
              <value>
                <![CDATA[effat]]>
              </value>
            </param>
            <param index="8">
              <value>
                <![CDATA[#app > div.oxd-layout > div.oxd-layout-container > div.oxd-layout-context > div > div > form > div.orangehrm-employee-container > div.orangehrm-employee-form > div.oxd-form-row.user-form-header > div > label > span]]>
              </value>
            </param>
            <param index="9">
              <value>
                <![CDATA[#app > div.oxd-layout > div.oxd-layout-container > div.oxd-layout-context > div > div > form > div.orangehrm-employee-container > div.orangehrm-employee-form > div:nth-child(4) > div > div:nth-child(1) > div > div:nth-child(2) > input]]>
              </value>
            </param>
            <param index="10">
              <value>
                <![CDATA[ali Ahmedd accfl]]>
              </value>
            </param>
            <param index="11">
              <value>
                <![CDATA[#app > div.oxd-layout > div.oxd-layout-container > div.oxd-layout-context > div > div > form > div.orangehrm-employee-container > div.orangehrm-employee-form > div.oxd-form-row.user-password-row > div > div.oxd-grid-item.oxd-grid-item--gutters.user-password-cell > div > div:nth-child(2) > input]]>
              </value>
            </param>
            <param index="12">
              <value>
                <![CDATA[123456@@@Qaa&*#02]]>
              </value>
            </param>
            <param index="13">
              <value>
                <![CDATA[#app > div.oxd-layout > div.oxd-layout-container > div.oxd-layout-context > div > div > form > div.orangehrm-employee-container > div.orangehrm-employee-form > div.oxd-form-row.user-password-row > div > div:nth-child(2) > div > div:nth-child(2) > input]]>
              </value>
            </param>
            <param index="14">
              <value>
                <![CDATA[123456@@@Qaa&*#02]]>
              </value>
            </param>
            <param index="15">
              <value>
                <![CDATA[#app > div.oxd-layout > div.oxd-layout-container > div.oxd-layout-context > div > div > form > div.orangehrm-employee-container > div.orangehrm-employee-image > div > div:nth-child(2) > div > div > img]]>
              </value>
            </param>
            <param index="16">
              <value>
                <![CDATA[C:\Users\Abdel\Desktop\TaskTest\Testing_Task_31\4.jpg]]>
              </value>
            </param>
            <param index="17">
              <value>
                <![CDATA[Open]]>
              </value>
            </param>
            <param index="18">
              <value>
                <![CDATA[#app > div.oxd-layout > div.oxd-layout-container > div.oxd-layout-context > div > div > form > div.oxd-form-actions > button.oxd-button.oxd-button--medium.oxd-button--secondary.orangehrm-left-space]]>
              </value>
            </param>
          </params>
          <reporter-output>
          </reporter-output>
        </test-method> <!-- testOneItemPimAdd -->
        <test-method signature="testSelectEmployeeStatusAndSearch(java.lang.String, java.lang.String, java.lang.String)[pri:0, instance:com.mycompany.testmavin.TestMavinIT@5c153b9e]" started-at="2022-12-28T13:27:50Z" name="testSelectEmployeeStatusAndSearch" data-provider="testSelectEmployeeStatusAndSearch" finished-at="2022-12-28T13:28:00Z" duration-ms="9970" status="PASS">
          <params>
            <param index="0">
              <value>
                <![CDATA[#app > div.oxd-layout > div.oxd-layout-navigation > aside > nav > div.oxd-sidepanel-body > ul > li:nth-child(2) > a]]>
              </value>
            </param>
            <param index="1">
              <value>
                <![CDATA[//*[@id="app"]/div[1]/div[2]/div[2]/div/div[1]/div[2]/form/div[1]/div/div[3]/div/div[2]/div/div/div[1]]]>
              </value>
            </param>
            <param index="2">
              <value>
                <![CDATA[#app > div.oxd-layout > div.oxd-layout-container > div.oxd-layout-context > div > div.oxd-table-filter > div.oxd-table-filter-area > form > div.oxd-form-actions > button.oxd-button.oxd-button--medium.oxd-button--secondary.orangehrm-left-space]]>
              </value>
            </param>
          </params>
          <reporter-output>
          </reporter-output>
        </test-method> <!-- testSelectEmployeeStatusAndSearch -->
        <test-method signature="testDeleteItem(java.lang.String, java.lang.String)[pri:0, instance:com.mycompany.testmavin.TestMavinIT@5c153b9e]" started-at="2022-12-28T13:28:00Z" name="testDeleteItem" data-provider="deleteItem" finished-at="2022-12-28T13:28:10Z" duration-ms="10149" status="PASS">
          <params>
            <param index="0">
              <value>
                <![CDATA[#app > div.oxd-layout > div.oxd-layout-container > div.oxd-layout-context > div > div.orangehrm-paper-container > div.orangehrm-container > div > div.oxd-table-body > div:nth-child(1) > div > div:nth-child(9) > div > button:nth-child(1)]]>
              </value>
            </param>
            <param index="1">
              <value>
                <![CDATA[#app > div.oxd-overlay.oxd-overlay--flex.oxd-overlay--flex-centered > div > div > div > div.orangehrm-modal-footer > button.oxd-button.oxd-button--medium.oxd-button--label-danger.orangehrm-button-margin]]>
              </value>
            </param>
          </params>
          <reporter-output>
          </reporter-output>
        </test-method> <!-- testDeleteItem -->
        <test-method signature="testSignOut(java.lang.String, java.lang.String)[pri:0, instance:com.mycompany.testmavin.TestMavinIT@5c153b9e]" started-at="2022-12-28T13:28:10Z" name="testSignOut" data-provider="testSignOut" finished-at="2022-12-28T13:28:15Z" duration-ms="5457" status="PASS">
          <params>
            <param index="0">
              <value>
                <![CDATA[oxd-userdropdown-tab]]>
              </value>
            </param>
            <param index="1">
              <value>
                <![CDATA[//ul[@role='menu']/li[4]]]>
              </value>
            </param>
          </params>
          <reporter-output>
          </reporter-output>
        </test-method> <!-- testSignOut -->
        <test-method is-config="true" signature="tearDownClass()[pri:0, instance:com.mycompany.testmavin.TestMavinIT@5c153b9e]" started-at="2022-12-28T13:28:15Z" name="tearDownClass" finished-at="2022-12-28T13:28:18Z" duration-ms="2757" status="PASS">
          <reporter-output>
          </reporter-output>
        </test-method> <!-- tearDownClass -->
      </class> <!-- com.mycompany.testmavin.TestMavinIT -->
    </test> <!-- AdminTabFunctionality -->
  </suite> <!-- com.mycompany_TestMavin_jar_1.0-SNAPSHOT -->
</testng-results>
