<?xml version="1.0" encoding="UTF-8"?>
<!-- Generated by org.testng.reporters.JUnitXMLReporter -->
<testsuite hostname="DESKTOP-MM4I4GD" failures="1" tests="7" name="AdminTabFunctionality" time="86.218" errors="0" timestamp="29 Dec 2022 16:31:20 GMT">
  <testcase classname="com.mycompany.testmavin.TestMavinIT" name="testLogin" time="14.245"/>
  <testcase classname="com.mycompany.testmavin.TestMavinIT" name="testOpenDrawer" time="4.094"/>
  <testcase classname="com.mycompany.testmavin.TestMavinIT" name="testTabs" time="37.886"/>
  <testcase classname="com.mycompany.testmavin.TestMavinIT" name="testOneItemPimAdd" time="0.0">
    <failure type="org.testng.TestNGException" message="
The data provider is trying to pass 17 parameters but the method com.mycompany.testmavin.TestMavinIT#testOneItemPimAdd takes 19 and TestNG is unable in inject a suitable object">
      <![CDATA[org.testng.TestNGException: 
The data provider is trying to pass 17 parameters but the method com.mycompany.testmavin.TestMavinIT#testOneItemPimAdd takes 19 and TestNG is unable in inject a suitable object
Caused by: java.lang.ArrayIndexOutOfBoundsException: Index 17 out of bounds for length 17
	... 21 more
... Removed 23 stack frames]]>
    </failure>
  </testcase> <!-- testOneItemPimAdd -->
  <testcase classname="com.mycompany.testmavin.TestMavinIT" name="testSelectEmployeeStatusAndSearch" time="9.879"/>
  <testcase classname="com.mycompany.testmavin.TestMavinIT" name="testDeleteItem" time="10.129"/>
  <testcase classname="com.mycompany.testmavin.TestMavinIT" name="testSignOut" time="3.715"/>
</testsuite> <!-- AdminTabFunctionality -->
